2021-12-06T14:59:50.337Z - normal: Load ~/.CocosCreator/settings.json
2021-12-06T14:59:51.627Z - normal: Initializing Asset Database
2021-12-06T14:59:51.660Z - normal: checking language setting...
2021-12-06T14:59:51.660Z - normal: Language: en
2021-12-06T14:59:55.089Z - success: preview server running at http://localhost:7456
2021-12-06T14:59:55.091Z - success: protocol editor-framework registered
2021-12-06T14:59:55.091Z - success: protocol app registered
2021-12-06T14:59:55.091Z - success: protocol theme registered
2021-12-06T14:59:55.091Z - success: protocol packages registered
2021-12-06T14:59:55.091Z - success: protocol uuid registerred
2021-12-06T14:59:55.091Z - success: protocol db registerred
2021-12-06T14:59:55.091Z - success: protocol thumbnail registerred
2021-12-06T14:59:55.091Z - success: protocol unpack registerred
2021-12-06T14:59:55.091Z - success: protocol disable-commonjs registerred
2021-12-06T14:59:58.098Z - normal: failed to connect login server due to request timeout
2021-12-06T14:59:58.098Z - normal: Check project D:\IT\Gemi\cocos\week2\dangHaiCocos-main\bai1
2021-12-06T14:59:58.098Z - normal: Initializing project D:\IT\Gemi\cocos\week2\dangHaiCocos-main\bai1
2021-12-06T14:59:58.960Z - normal: Initializing Cocos2d
2021-12-06T15:00:07.435Z - normal: Initializing engine extends
2021-12-06T15:00:07.689Z - success: alipay-adapter loaded
2021-12-06T15:00:07.756Z - success: asset-db-debugger loaded
2021-12-06T15:00:07.780Z - success: baidu-adapter loaded
2021-12-06T15:00:07.815Z - success: color-picker loaded
2021-12-06T15:00:08.308Z - success: fb-audience-network loaded
2021-12-06T15:00:08.455Z - success: fb-live-stream loaded
2021-12-06T15:00:08.502Z - success: google-play-instant loaded
2021-12-06T15:00:08.628Z - success: huawei-runtime loaded
2021-12-06T15:00:11.120Z - success: cpk-publish loaded
2021-12-06T15:00:11.153Z - success: jsb-adapter loaded
2021-12-06T15:00:11.297Z - success: oppo-runtime loaded
2021-12-06T15:00:11.357Z - success: package-manager loaded
2021-12-06T15:00:12.038Z - success: qqplay-adapter loaded
2021-12-06T15:00:12.078Z - success: runtime-dev-tools loaded
2021-12-06T15:00:12.150Z - success: sdkbox loaded
2021-12-06T15:00:12.215Z - success: tester loaded
2021-12-06T15:00:12.255Z - success: ui-kit-preview-extra loaded
2021-12-06T15:00:12.295Z - success: ui-kit-preview loaded
2021-12-06T15:00:12.299Z - success: ui-kit loaded
2021-12-06T15:00:12.483Z - success: vivo-runtime loaded
2021-12-06T15:00:12.502Z - success: weapp-adapter loaded
2021-12-06T15:00:12.521Z - success: xiaomi-adapter loaded
2021-12-06T15:00:12.548Z - success: alipay-minigame loaded
2021-12-06T15:00:12.680Z - success: assets loaded
2021-12-06T15:00:12.687Z - success: builder loaded
2021-12-06T15:00:13.506Z - success: cocos-services loaded
2021-12-06T15:00:13.521Z - success: console loaded
2021-12-06T15:00:13.583Z - success: fb-instant-games loaded
2021-12-06T15:00:13.590Z - success: game-window loaded
2021-12-06T15:00:13.594Z - success: google-instant-games loaded
2021-12-06T15:00:13.606Z - success: hierarchy loaded
2021-12-06T15:00:13.615Z - success: inspector loaded
2021-12-06T15:00:13.619Z - success: keystore loaded
2021-12-06T15:00:13.631Z - success: node-library loaded
2021-12-06T15:00:13.635Z - success: package-asset loaded
2021-12-06T15:00:13.639Z - success: preferences loaded
2021-12-06T15:00:13.643Z - success: project-exporter loaded
2021-12-06T15:00:13.647Z - success: project-importer loaded
2021-12-06T15:00:13.654Z - success: project-settings loaded
2021-12-06T15:00:13.678Z - success: scene loaded
2021-12-06T15:00:13.683Z - success: simulator-debugger loaded
2021-12-06T15:00:13.686Z - success: sprite-editor loaded
2021-12-06T15:00:13.695Z - success: store loaded
2021-12-06T15:00:13.709Z - success: timeline loaded
2021-12-06T15:00:13.723Z - success: xiaomi-runtime loaded
2021-12-06T15:00:22.249Z - info: Cocos Services load base data!
2021-12-06T15:00:43.667Z - normal: Loading packages
2021-12-06T15:00:43.686Z - normal: Watching packages
2021-12-06T15:00:44.853Z - normal: Run Application
2021-12-06T15:01:19.119Z - info: shutdown preview server
