2021-12-01T06:58:59.174Z - normal: Load ~/.CocosCreator/settings.json
2021-12-01T06:58:59.219Z - normal: Initializing Asset Database
2021-12-01T06:58:59.220Z - normal: checking language setting...
2021-12-01T06:58:59.221Z - normal: Language: en
2021-12-01T06:58:59.665Z - success: preview server running at http://localhost:7456
2021-12-01T06:58:59.678Z - success: protocol editor-framework registered
2021-12-01T06:58:59.678Z - success: protocol app registered
2021-12-01T06:58:59.678Z - success: protocol theme registered
2021-12-01T06:58:59.678Z - success: protocol packages registered
2021-12-01T06:58:59.678Z - success: protocol uuid registerred
2021-12-01T06:58:59.679Z - success: protocol db registerred
2021-12-01T06:58:59.679Z - success: protocol thumbnail registerred
2021-12-01T06:58:59.679Z - success: protocol unpack registerred
2021-12-01T06:58:59.679Z - success: protocol disable-commonjs registerred
2021-12-01T06:59:00.860Z - normal: connected!
2021-12-01T06:59:00.862Z - normal: Check project /Users/fe-danghai-fresher/Desktop/Training/cocos_training/NguyenDangHai
2021-12-01T06:59:00.864Z - normal: Initializing project /Users/fe-danghai-fresher/Desktop/Training/cocos_training/NguyenDangHai
2021-12-01T06:59:01.116Z - normal: Initializing Cocos2d
2021-12-01T06:59:01.521Z - normal: Initializing engine extends
2021-12-01T06:59:01.538Z - success: alipay-adapter loaded
2021-12-01T06:59:01.546Z - success: asset-db-debugger loaded
2021-12-01T06:59:01.550Z - success: baidu-adapter loaded
2021-12-01T06:59:01.553Z - success: color-picker loaded
2021-12-01T06:59:01.680Z - success: fb-audience-network loaded
2021-12-01T06:59:01.717Z - success: fb-live-stream loaded
2021-12-01T06:59:01.719Z - success: google-play-instant loaded
2021-12-01T06:59:01.722Z - success: huawei-runtime loaded
2021-12-01T06:59:01.859Z - success: cpk-publish loaded
2021-12-01T06:59:01.860Z - success: jsb-adapter loaded
2021-12-01T06:59:01.862Z - success: oppo-runtime loaded
2021-12-01T06:59:01.865Z - success: package-manager loaded
2021-12-01T06:59:01.930Z - success: qqplay-adapter loaded
2021-12-01T06:59:01.931Z - success: runtime-dev-tools loaded
2021-12-01T06:59:01.934Z - success: sdkbox loaded
2021-12-01T06:59:01.936Z - success: tester loaded
2021-12-01T06:59:01.938Z - success: ui-kit-preview-extra loaded
2021-12-01T06:59:01.940Z - success: ui-kit-preview loaded
2021-12-01T06:59:01.942Z - success: ui-kit loaded
2021-12-01T06:59:01.945Z - success: vivo-runtime loaded
2021-12-01T06:59:01.946Z - success: weapp-adapter loaded
2021-12-01T06:59:01.946Z - success: xiaomi-adapter loaded
2021-12-01T06:59:01.948Z - success: alipay-minigame loaded
2021-12-01T06:59:01.975Z - success: assets loaded
2021-12-01T06:59:01.978Z - success: builder loaded
2021-12-01T06:59:02.132Z - success: cocos-services loaded
2021-12-01T06:59:02.136Z - success: console loaded
2021-12-01T06:59:02.158Z - success: fb-instant-games loaded
2021-12-01T06:59:02.161Z - success: game-window loaded
2021-12-01T06:59:02.162Z - success: google-instant-games loaded
2021-12-01T06:59:02.165Z - success: hierarchy loaded
2021-12-01T06:59:02.168Z - success: inspector loaded
2021-12-01T06:59:02.169Z - success: keystore loaded
2021-12-01T06:59:02.172Z - success: node-library loaded
2021-12-01T06:59:02.173Z - success: package-asset loaded
2021-12-01T06:59:02.174Z - success: preferences loaded
2021-12-01T06:59:02.176Z - success: project-exporter loaded
2021-12-01T06:59:02.179Z - success: project-importer loaded
2021-12-01T06:59:02.182Z - success: project-settings loaded
2021-12-01T06:59:02.185Z - success: scene loaded
2021-12-01T06:59:02.186Z - success: simulator-debugger loaded
2021-12-01T06:59:02.186Z - success: sprite-editor loaded
2021-12-01T06:59:02.189Z - success: store loaded
2021-12-01T06:59:02.194Z - success: timeline loaded
2021-12-01T06:59:02.196Z - success: xiaomi-runtime loaded
2021-12-01T06:59:05.333Z - info: Cocos Services load base data!
2021-12-01T06:59:05.940Z - normal: Loading packages
2021-12-01T06:59:05.945Z - normal: Watching packages
2021-12-01T06:59:06.026Z - normal: Run Application
2021-12-01T07:02:00.040Z - failed: Failed to drop asset db://internal/materials/builtin-phong.mtl, message: Error: Can not create node from cc.Material
    at cc.AssetLibrary.loadAsset (/Applications/CocosCreator.app/Contents/Resources/app.asar/editor/page/scene-utils/utils/node.js:1:5059)
    at CCLoader.<anonymous> (/Applications/CocosCreator.app/Contents/Resources/engine/bin/.cache/dev/cocos2d/core/platform/CCAssetLibrary.js:65:25)
    at /Applications/CocosCreator.app/Contents/Resources/engine/bin/.cache/dev/cocos2d/core/load-pipeline/CCLoader.js:141:46
    at /Applications/CocosCreator.app/Contents/Resources/engine/bin/.cache/dev/cocos2d/core/platform/utils.js:49:25
    at _combinedTickCallback (internal/process/next_tick.js:73:7)
    at process._tickCallback (internal/process/next_tick.js:104:9)
2021-12-01T07:03:01.898Z - normal: Start building with options : {
  "actualPlatform": "web-mobile",
  "android-instant": {
    "REMOTE_SERVER_ROOT": "",
    "host": "",
    "pathPattern": "",
    "recordPath": "",
    "scheme": "https",
    "skipRecord": false
  },
  "apiLevel": "",
  "appABIs": [],
  "appBundle": false,
  "baidugame": {
    "REMOTE_SERVER_ROOT": "",
    "appid": "testappid",
    "orientation": "portrait",
    "subContext": ""
  },
  "buildPath": "/Users/fe-danghai-fresher/Desktop/Training/cocos_training/NguyenDangHai/build",
  "debug": false,
  "dest": "/Users/fe-danghai-fresher/Desktop/Training/cocos_training/NguyenDangHai/build/web-mobile",
  "embedWebDebugger": false,
  "encryptJs": true,
  "excludeScenes": [],
  "excludedModules": [],
  "fb-instant-games": {},
  "includeSDKBox": false,
  "inlineSpriteFrames": true,
  "inlineSpriteFrames_native": true,
  "md5Cache": false,
  "mergeStartScene": false,
  "optimizeHotUpdate": false,
  "orientation": {
    "landscapeLeft": true,
    "landscapeRight": true,
    "portrait": false,
    "upsideDown": false
  },
  "packageName": "org.cocos2d.helloworld",
  "platform": "web-mobile",
  "previewHeight": "720",
  "previewWidth": "1280",
  "qqplay": {
    "REMOTE_SERVER_ROOT": "",
    "orientation": "portrait",
    "zip": false
  },
  "scenes": [
    "2d2f792f-a40c-49bb-a189-ed176a246e49"
  ],
  "sourceMaps": false,
  "startScene": "2d2f792f-a40c-49bb-a189-ed176a246e49",
  "template": "link",
  "title": "hello_world",
  "useDebugKeystore": true,
  "vsVersion": "auto",
  "webOrientation": "auto",
  "wechatgame": {
    "REMOTE_SERVER_ROOT": "",
    "appid": "wx6ac3f5090a6b99c5",
    "orientation": "portrait",
    "separate_engine": false,
    "subContext": ""
  },
  "xxteaKey": "d4f6d0aa-9d3b-46",
  "zipCompressJs": true,
  "project": "/Users/fe-danghai-fresher/Desktop/Training/cocos_training/NguyenDangHai",
  "projectName": "hello_world",
  "debugBuildWorker": false
}
2021-12-01T07:03:01.900Z - normal: Building /Users/fe-danghai-fresher/Desktop/Training/cocos_training/NguyenDangHai
2021-12-01T07:03:01.901Z - normal: Destination /Users/fe-danghai-fresher/Desktop/Training/cocos_training/NguyenDangHai/build/web-mobile
2021-12-01T07:03:01.985Z - normal: Delete /Users/fe-danghai-fresher/Desktop/Training/cocos_training/NguyenDangHai/build/web-mobile/subpackages/**/*,/Users/fe-danghai-fresher/Desktop/Training/cocos_training/NguyenDangHai/build/web-mobile/**/*
2021-12-01T07:03:03.408Z - normal: Start building assets
2021-12-01T07:03:03.408Z - normal: Start spawn build-worker
2021-12-01T07:03:04.017Z - normal: Finish spawn build-worker
2021-12-01T07:03:04.018Z - normal: Start init build-worker
2021-12-01T07:03:06.376Z - normal: Finish init build-worker
2021-12-01T07:03:06.376Z - normal: Start build-assets in worker
2021-12-01T07:03:06.598Z - normal: Finish build-assets in worker
2021-12-01T07:03:06.601Z - normal: Finish building assets
2021-12-01T07:03:06.606Z - normal: Start building plugin scripts
2021-12-01T07:03:06.647Z - normal: Generating main.js from /Applications/CocosCreator.app/Contents/Resources/static/build-templates/shares/main.js
2021-12-01T07:03:06.655Z - normal: Generating html from /Applications/CocosCreator.app/Contents/Resources/static/build-templates/web-mobile/template/index.html
2021-12-01T07:03:06.668Z - normal: Built to "/Users/fe-danghai-fresher/Desktop/Training/cocos_training/NguyenDangHai/build/web-mobile" successfully
2021-12-01T07:06:00.895Z - error: Can't init canvas 'atom' because it conflicts with the existing 'Canvas', the scene should only have one active canvas at the same time
    at Object.cc.errorID (/Applications/CocosCreator.app/Contents/Resources/engine/bin/.cache/dev/cocos2d/core/CCDebug.js:167:16)
    at cc_Canvas.__preload (/Applications/CocosCreator.app/Contents/Resources/engine/bin/.cache/dev/cocos2d/core/components/CCCanvas.js:82:31)
    at eval (eval at misc.tryCatchFunctor_EDITOR (/Applications/CocosCreator.app/Contents/Resources/engine/bin/.cache/dev/cocos2d/core/utils/misc.js:1:1), <anonymous>:4:10)
    at CCClass.activateComp (/Applications/CocosCreator.app/Contents/Resources/engine/bin/.cache/dev/cocos2d/core/node-activator.js:212:33)
    at cc_Node.addComponent (/Applications/CocosCreator.app/Contents/Resources/engine/bin/.cache/dev/cocos2d/core/utils/base-node.js:488:48)
    at Object.addComponent (/Applications/CocosCreator.app/Contents/Resources/app.asar/editor/page/scene-utils/utils/scene.js:1:6273)
    at HTMLElement.add-component (/Applications/CocosCreator.app/Contents/Resources/app.asar/editor/builtin/scene/panel/messages/scene-operation.js:1:1171)
    at Object.e._dispatch (/Applications/CocosCreator.app/Contents/Resources/app.asar/editor-framework/lib/renderer/panel.js:1:1941)
    at EventEmitter.o.on.s (/Applications/CocosCreator.app/Contents/Resources/app.asar/editor-framework/lib/renderer/ipc.js:1:2921)
2021-12-01T07:07:22.230Z - normal: Start building with options : {
  "actualPlatform": "web-desktop",
  "android-instant": {
    "REMOTE_SERVER_ROOT": "",
    "host": "",
    "pathPattern": "",
    "recordPath": "",
    "scheme": "https",
    "skipRecord": false
  },
  "apiLevel": "",
  "appABIs": [],
  "appBundle": false,
  "baidugame": {
    "REMOTE_SERVER_ROOT": "",
    "appid": "testappid",
    "orientation": "portrait",
    "subContext": ""
  },
  "buildPath": "/Users/fe-danghai-fresher/Desktop/Training/cocos_training/NguyenDangHai/build",
  "debug": false,
  "dest": "/Users/fe-danghai-fresher/Desktop/Training/cocos_training/NguyenDangHai/build/web-desktop",
  "embedWebDebugger": false,
  "encryptJs": true,
  "excludeScenes": [],
  "excludedModules": [],
  "fb-instant-games": {},
  "includeSDKBox": false,
  "inlineSpriteFrames": true,
  "inlineSpriteFrames_native": true,
  "md5Cache": false,
  "mergeStartScene": false,
  "optimizeHotUpdate": false,
  "orientation": {
    "landscapeLeft": true,
    "landscapeRight": true,
    "portrait": false,
    "upsideDown": false
  },
  "packageName": "org.cocos2d.helloworld",
  "platform": "web-desktop",
  "previewHeight": "720",
  "previewWidth": "1280",
  "qqplay": {
    "REMOTE_SERVER_ROOT": "",
    "orientation": "portrait",
    "zip": false
  },
  "scenes": [
    "2d2f792f-a40c-49bb-a189-ed176a246e49"
  ],
  "sourceMaps": false,
  "startScene": "2d2f792f-a40c-49bb-a189-ed176a246e49",
  "template": "link",
  "title": "hello_world",
  "useDebugKeystore": true,
  "vsVersion": "auto",
  "webOrientation": "auto",
  "wechatgame": {
    "REMOTE_SERVER_ROOT": "",
    "appid": "wx6ac3f5090a6b99c5",
    "orientation": "portrait",
    "separate_engine": false,
    "subContext": ""
  },
  "xxteaKey": "d4f6d0aa-9d3b-46",
  "zipCompressJs": true,
  "project": "/Users/fe-danghai-fresher/Desktop/Training/cocos_training/NguyenDangHai",
  "projectName": "hello_world",
  "debugBuildWorker": false
}
2021-12-01T07:07:22.232Z - normal: Building /Users/fe-danghai-fresher/Desktop/Training/cocos_training/NguyenDangHai
2021-12-01T07:07:22.232Z - normal: Destination /Users/fe-danghai-fresher/Desktop/Training/cocos_training/NguyenDangHai/build/web-desktop
2021-12-01T07:07:22.233Z - normal: Delete /Users/fe-danghai-fresher/Desktop/Training/cocos_training/NguyenDangHai/build/web-desktop/subpackages/**/*,/Users/fe-danghai-fresher/Desktop/Training/cocos_training/NguyenDangHai/build/web-desktop/**/*
2021-12-01T07:07:23.364Z - normal: Start building assets
2021-12-01T07:07:23.364Z - normal: Start spawn build-worker
2021-12-01T07:07:23.864Z - normal: Finish spawn build-worker
2021-12-01T07:07:23.865Z - normal: Start init build-worker
2021-12-01T07:07:25.801Z - normal: Finish init build-worker
2021-12-01T07:07:25.802Z - normal: Start build-assets in worker
2021-12-01T07:07:26.014Z - normal: Finish build-assets in worker
2021-12-01T07:07:26.017Z - normal: Finish building assets
2021-12-01T07:07:26.022Z - normal: Start building plugin scripts
2021-12-01T07:07:26.062Z - normal: Generating main.js from /Applications/CocosCreator.app/Contents/Resources/static/build-templates/shares/main.js
2021-12-01T07:07:26.067Z - normal: Generating html from /Applications/CocosCreator.app/Contents/Resources/static/build-templates/web-desktop/template/index.html
2021-12-01T07:07:26.078Z - normal: Built to "/Users/fe-danghai-fresher/Desktop/Training/cocos_training/NguyenDangHai/build/web-desktop" successfully
2021-12-01T07:08:06.177Z - normal: Start building with options : {
  "actualPlatform": "web-mobile",
  "android-instant": {
    "REMOTE_SERVER_ROOT": "",
    "host": "",
    "pathPattern": "",
    "recordPath": "",
    "scheme": "https",
    "skipRecord": false
  },
  "apiLevel": "",
  "appABIs": [],
  "appBundle": false,
  "baidugame": {
    "REMOTE_SERVER_ROOT": "",
    "appid": "testappid",
    "orientation": "portrait",
    "subContext": ""
  },
  "buildPath": "/Users/fe-danghai-fresher/Desktop/Training/cocos_training/NguyenDangHai/build",
  "debug": false,
  "dest": "/Users/fe-danghai-fresher/Desktop/Training/cocos_training/NguyenDangHai/build/web-mobile",
  "embedWebDebugger": false,
  "encryptJs": true,
  "excludeScenes": [],
  "excludedModules": [],
  "fb-instant-games": {},
  "includeSDKBox": false,
  "inlineSpriteFrames": true,
  "inlineSpriteFrames_native": true,
  "md5Cache": false,
  "mergeStartScene": false,
  "optimizeHotUpdate": false,
  "orientation": {
    "landscapeLeft": true,
    "landscapeRight": true,
    "portrait": false,
    "upsideDown": false
  },
  "packageName": "org.cocos2d.helloworld",
  "platform": "web-mobile",
  "previewHeight": "720",
  "previewWidth": "1280",
  "qqplay": {
    "REMOTE_SERVER_ROOT": "",
    "orientation": "portrait",
    "zip": false
  },
  "scenes": [
    "2d2f792f-a40c-49bb-a189-ed176a246e49"
  ],
  "sourceMaps": false,
  "startScene": "2d2f792f-a40c-49bb-a189-ed176a246e49",
  "template": "link",
  "title": "hello_world",
  "useDebugKeystore": true,
  "vsVersion": "auto",
  "webOrientation": "auto",
  "wechatgame": {
    "REMOTE_SERVER_ROOT": "",
    "appid": "wx6ac3f5090a6b99c5",
    "orientation": "portrait",
    "separate_engine": false,
    "subContext": ""
  },
  "xxteaKey": "d4f6d0aa-9d3b-46",
  "zipCompressJs": true,
  "project": "/Users/fe-danghai-fresher/Desktop/Training/cocos_training/NguyenDangHai",
  "projectName": "hello_world",
  "debugBuildWorker": false
}
2021-12-01T07:08:06.178Z - normal: Building /Users/fe-danghai-fresher/Desktop/Training/cocos_training/NguyenDangHai
2021-12-01T07:08:06.178Z - normal: Destination /Users/fe-danghai-fresher/Desktop/Training/cocos_training/NguyenDangHai/build/web-mobile
2021-12-01T07:08:06.178Z - normal: Delete /Users/fe-danghai-fresher/Desktop/Training/cocos_training/NguyenDangHai/build/web-mobile/subpackages/**/*,/Users/fe-danghai-fresher/Desktop/Training/cocos_training/NguyenDangHai/build/web-mobile/**/*
2021-12-01T07:08:07.279Z - normal: Start building assets
2021-12-01T07:08:07.279Z - normal: Start spawn build-worker
2021-12-01T07:08:07.805Z - normal: Finish spawn build-worker
2021-12-01T07:08:07.805Z - normal: Start init build-worker
2021-12-01T07:08:09.696Z - normal: Finish init build-worker
2021-12-01T07:08:09.696Z - normal: Start build-assets in worker
2021-12-01T07:08:09.898Z - normal: Finish build-assets in worker
2021-12-01T07:08:09.901Z - normal: Finish building assets
2021-12-01T07:08:09.906Z - normal: Start building plugin scripts
2021-12-01T07:08:09.942Z - normal: Generating main.js from /Applications/CocosCreator.app/Contents/Resources/static/build-templates/shares/main.js
2021-12-01T07:08:09.945Z - normal: Generating html from /Applications/CocosCreator.app/Contents/Resources/static/build-templates/web-mobile/template/index.html
2021-12-01T07:08:09.955Z - normal: Built to "/Users/fe-danghai-fresher/Desktop/Training/cocos_training/NguyenDangHai/build/web-mobile" successfully
